time="2025-07-14 21:00:20" level=info msg="📁 Creating local indexer: indexer-0" file="metrics.go:67"
time="2025-07-14 21:00:20" level=info msg="🏥 Checking for Cluster Health" file="cluster_health.go:13"
time="2025-07-14 21:00:20" level=info msg="Cluster is healthy." file="cluster_health.go:15"
time="2025-07-14 21:00:20" level=info msg="🔥 Starting kube-burner (1.16.4@c407ac0c6c94a5d73ef27d1b3ad019fe99192892) with UUID e762b065-525e-48ab-aea0-6753e83395c7" file="job.go:89"
time="2025-07-14 21:00:20" level=info msg="📈 Registered measurement: podLatency" file="factory.go:108"
time="2025-07-14 21:00:20" level=info msg="QPS: 20" file="job.go:360"
time="2025-07-14 21:00:20" level=info msg="Burst: 20" file="job.go:367"
time="2025-07-14 21:00:20" level=info msg="Job pod-scheduling-100-test: 1 iterations with 100 Pod replicas" file="create.go:83"
time="2025-07-14 21:00:20" level=info msg="Pre-load: images from job pod-scheduling-100-test" file="pre_load.go:73"
time="2025-07-14 21:00:20" level=info msg="Pre-load: Creating DaemonSet using images [nginx:1.26.1] in namespace preload-kube-burner" file="pre_load.go:195"
time="2025-07-14 21:00:20" level=info msg="Pre-load: Sleeping for 1m0s" file="pre_load.go:86"
time="2025-07-14 21:01:20" level=info msg="Deleting 1 namespaces with label: kube-burner-preload=true" file="namespaces.go:67"
time="2025-07-14 21:01:26" level=info msg="Creating pods latency watcher for pod-scheduling-100-test" file="base_measurement.go:67"
time="2025-07-14 21:01:26" level=info msg="Triggering job: pod-scheduling-100-test" file="job.go:120"
time="2025-07-14 21:01:26" level=info msg="0/1 iterations completed" file="create.go:118"
time="2025-07-14 21:01:30" level=info msg="Waiting up to 4h0m0s for actions to be completed" file="create.go:168"
time="2025-07-14 21:01:38" level=info msg="Actions in namespace pod-scheduling-100-test-0 completed" file="waiters.go:74"
time="2025-07-14 21:01:38" level=info msg="Verifying created objects" file="utils.go:119"
time="2025-07-14 21:01:38" level=info msg="Job pod-scheduling-100-test took 11s" file="job.go:187"
time="2025-07-14 21:01:38" level=info msg="Stopping measurement: podLatency" file="factory.go:149"
time="2025-07-14 21:01:38" level=info msg="pod-scheduling-100-test: ContainersReady 99th: 9000 max: 9000 avg: 6050" file="base_measurement.go:109"
time="2025-07-14 21:01:38" level=info msg="pod-scheduling-100-test: Initialized 99th: 1000 max: 1000 avg: 230" file="base_measurement.go:109"
time="2025-07-14 21:01:38" level=info msg="pod-scheduling-100-test: Ready 99th: 9000 max: 9000 avg: 6050" file="base_measurement.go:109"
time="2025-07-14 21:01:38" level=info msg="pod-scheduling-100-test: PodReadyToStartContainers 99th: 0 max: 0 avg: 0" file="base_measurement.go:109"
time="2025-07-14 21:01:38" level=info msg="pod-scheduling-100-test: PodScheduled 99th: 1000 max: 1000 avg: 70" file="base_measurement.go:109"
time="2025-07-14 21:01:38" level=info msg="Indexing collected data from measurement: podLatency" file="factory.go:161"
time="2025-07-14 21:01:38" level=info msg="Indexing metric podLatencyQuantilesMeasurement" file="base_measurement.go:132"
time="2025-07-14 21:01:38" level=info msg="File kube-burner-results/podLatencyQuantilesMeasurement-pod-scheduling-100-test.json created with 5 documents" file="base_measurement.go:141"
time="2025-07-14 21:01:38" level=info msg="Indexing metric podLatencyMeasurement" file="base_measurement.go:132"
time="2025-07-14 21:01:38" level=info msg="File kube-burner-results/podLatencyMeasurement-pod-scheduling-100-test.json created with 100 documents" file="base_measurement.go:141"
time="2025-07-14 21:01:38" level=info msg="Indexing job summaries" file="metadata.go:47"
time="2025-07-14 21:01:38" level=info msg="File kube-burner-results/jobSummary.json created with 1 documents" file="metadata.go:64"
time="2025-07-14 21:01:38" level=info msg="Finished execution with UUID: e762b065-525e-48ab-aea0-6753e83395c7" file="job.go:259"
time="2025-07-14 21:01:38" level=info msg="👋 Exiting kube-burner e762b065-525e-48ab-aea0-6753e83395c7" file="kube-burner.go:90"
